{
  "RSpec": {
    "coverage": {
      "/Users/maslah/Projects/checkpoint-one-music-library/config/environment.rb": [
        1,
        1,
        null,
        1,
        null,
        null,
        1
      ],
      "/Users/maslah/Projects/checkpoint-one-music-library/lib/artist.rb": [
        1,
        1,
        1,
        null,
        1,
        1,
        1,
        null,
        1,
        0,
        0,
        null,
        null,
        1,
        0,
        0,
        null,
        null,
        1,
        0,
        0,
        null,
        null,
        1,
        0,
        null,
        null
      ],
      "/Users/maslah/Projects/checkpoint-one-music-library/lib/cli_and_music_library_controller.rb": [
        1,
        1,
        null,
        1,
        0,
        0,
        null,
        null,
        1,
        0,
        0,
        null,
        null,
        1,
        null,
        null,
        null,
        null,
        null,
        null,
        null,
        null,
        0,
        null,
        null,
        1,
        0,
        0,
        0,
        0,
        0,
        0,
        null,
        0,
        null,
        null,
        null,
        null,
        1,
        0,
        null,
        null,
        1,
        0,
        null,
        null,
        1,
        0,
        null,
        null,
        1,
        0,
        null,
        null,
        1,
        0,
        null,
        null,
        1,
        0,
        null,
        null,
        1,
        0,
        null,
        null
      ],
      "/Users/maslah/Projects/checkpoint-one-music-library/lib/concerns/base_functions.rb": [
        1,
        1,
        null,
        1,
        0,
        null,
        null,
        1,
        0,
        null,
        null,
        1,
        0,
        null,
        null,
        null
      ],
      "/Users/maslah/Projects/checkpoint-one-music-library/lib/concerns/findable.rb": [
        1,
        1,
        1,
        0,
        null,
        null,
        1,
        0,
        null,
        null,
        null
      ],
      "/Users/maslah/Projects/checkpoint-one-music-library/lib/concerns/modules_required.rb": [
        1,
        1,
        1
      ],
      "/Users/maslah/Projects/checkpoint-one-music-library/lib/genre.rb": [
        1,
        1,
        1,
        null,
        1,
        1,
        1,
        null,
        1,
        0,
        0,
        null,
        null,
        1,
        0,
        0,
        null,
        null,
        1,
        0,
        0,
        null,
        null,
        1,
        0,
        null,
        null
      ],
      "/Users/maslah/Projects/checkpoint-one-music-library/lib/music_importer.rb": [
        null,
        1,
        1,
        null,
        1,
        0,
        null,
        null,
        1,
        0,
        null,
        null,
        1,
        0,
        null,
        null
      ],
      "/Users/maslah/Projects/checkpoint-one-music-library/lib/music_library_view.rb": [
        1,
        1,
        1,
        0,
        null,
        null,
        null,
        null,
        null,
        null,
        1,
        0,
        null,
        null,
        null,
        null,
        null,
        null,
        null,
        null,
        null,
        null,
        1,
        0,
        null,
        null,
        1,
        0,
        0,
        null,
        null,
        1,
        0,
        0,
        null,
        null,
        null,
        null,
        1,
        0,
        null,
        null,
        1,
        0,
        null,
        null,
        1,
        0,
        0,
        0,
        null,
        null,
        0,
        null,
        null,
        null,
        1,
        0,
        0,
        0,
        0,
        0,
        null,
        null,
        null,
        0,
        null,
        null,
        null,
        1,
        0,
        0,
        0,
        0,
        0,
        null,
        null,
        null,
        0,
        null,
        null,
        null,
        1,
        0,
        0,
        0,
        null,
        0,
        0,
        null,
        0,
        null,
        null
      ],
      "/Users/maslah/Projects/checkpoint-one-music-library/lib/song.rb": [
        1,
        1,
        1,
        null,
        1,
        1,
        1,
        null,
        1,
        0,
        0,
        0,
        null,
        null,
        1,
        0,
        0,
        null,
        null,
        1,
        0,
        0,
        null,
        null,
        1,
        0,
        0,
        null,
        null,
        1,
        0,
        0,
        null,
        null,
        null,
        null,
        1,
        0,
        null,
        null
      ]
    },
    "timestamp": 1472049099
  }
}
