{
  "RSpec": {
    "coverage": {
      "C:/Users/maslah/Documents/Ruby/checkpoint-one-music-library/config/environment.rb": [
        1,
        1,
        null,
        1,
        null,
        null,
        1
      ],
      "C:/Users/maslah/Documents/Ruby/checkpoint-one-music-library/lib/artist.rb": [
        1,
        1,
        1,
        null,
        1,
        1,
        1,
        null,
        1,
        238,
        238,
        null,
        null,
        1,
        218,
        218,
        null,
        null,
        1,
        268,
        268,
        null,
        null,
        1,
        6,
        null,
        null
      ],
      "C:/Users/maslah/Documents/Ruby/checkpoint-one-music-library/lib/cli_and_music_library_controller.rb": [
        1,
        1,
        1,
        null,
        1,
        12,
        12,
        null,
        null,
        1,
        7,
        7,
        null,
        null,
        1,
        null,
        null,
        null,
        null,
        null,
        null,
        null,
        null,
        12,
        null,
        null,
        1,
        7,
        13,
        13,
        13,
        6,
        6,
        null,
        0,
        null,
        null,
        null,
        null,
        1,
        1,
        4,
        null,
        null,
        null,
        null,
        1,
        4,
        null,
        null,
        1,
        5,
        null,
        null,
        1,
        1,
        1,
        1,
        null,
        0,
        null,
        null,
        null,
        1,
        1,
        1,
        1,
        1,
        1,
        1,
        null,
        null,
        0,
        null,
        null,
        null,
        1,
        1,
        1,
        1,
        1,
        2,
        null,
        null,
        0,
        null,
        null,
        null,
        1,
        1,
        1,
        1,
        null,
        0,
        0,
        null,
        1,
        null,
        null
      ],
      "C:/Users/maslah/Documents/Ruby/checkpoint-one-music-library/lib/concerns/base_functions.rb": [
        1,
        1,
        null,
        1,
        284,
        null,
        null,
        1,
        735,
        null,
        null,
        1,
        213,
        null,
        null,
        null
      ],
      "C:/Users/maslah/Documents/Ruby/checkpoint-one-music-library/lib/concerns/findable.rb": [
        1,
        1,
        1,
        10419,
        null,
        null,
        1,
        490,
        null,
        null,
        null
      ],
      "C:/Users/maslah/Documents/Ruby/checkpoint-one-music-library/lib/genre.rb": [
        1,
        1,
        1,
        null,
        1,
        1,
        1,
        null,
        1,
        83,
        83,
        null,
        null,
        1,
        68,
        68,
        null,
        null,
        1,
        260,
        260,
        null,
        null,
        1,
        4,
        null,
        null
      ],
      "C:/Users/maslah/Documents/Ruby/checkpoint-one-music-library/lib/music_importer.rb": [
        null,
        1,
        1,
        null,
        1,
        16,
        null,
        null,
        1,
        17,
        null,
        null,
        1,
        250,
        null,
        null
      ],
      "C:/Users/maslah/Documents/Ruby/checkpoint-one-music-library/lib/music_library_view.rb": [
        1,
        1,
        1,
        null,
        null,
        null,
        null,
        7,
        null,
        null,
        1,
        null,
        null,
        null,
        null,
        null,
        null,
        null,
        null,
        0,
        null,
        null,
        1,
        13,
        null,
        null,
        1,
        0,
        0,
        null,
        null,
        1,
        0,
        0,
        null,
        null
      ],
      "C:/Users/maslah/Documents/Ruby/checkpoint-one-music-library/lib/song.rb": [
        1,
        1,
        1,
        null,
        1,
        1,
        1,
        null,
        1,
        275,
        275,
        275,
        null,
        null,
        1,
        244,
        244,
        null,
        null,
        1,
        260,
        260,
        null,
        null,
        1,
        264,
        264,
        null,
        null,
        1,
        242,
        242,
        null,
        null,
        null,
        null,
        1,
        240,
        null,
        null
      ],
      "C:/Users/maslah/Documents/Ruby/checkpoint-one-music-library/spec/001_song_basics_spec.rb": [
        1,
        null,
        1,
        1,
        1,
        1,
        1,
        null,
        null,
        null,
        1,
        1,
        1,
        1,
        null,
        1,
        null,
        null,
        null,
        1,
        1,
        1,
        null,
        1,
        null,
        null,
        null,
        1,
        1,
        1,
        null,
        1,
        1,
        null,
        null,
        null,
        1,
        1,
        1,
        null,
        1,
        null,
        1,
        null,
        null,
        null,
        1,
        1,
        1,
        null,
        1,
        null,
        null,
        null
      ],
      "C:/Users/maslah/Documents/Ruby/checkpoint-one-music-library/spec/002_artist_basics_spec.rb": [
        1,
        null,
        1,
        1,
        1,
        1,
        1,
        null,
        null,
        null,
        1,
        1,
        1,
        1,
        null,
        1,
        null,
        null,
        null,
        1,
        1,
        1,
        null,
        1,
        null,
        null,
        null,
        1,
        1,
        1,
        null,
        1,
        1,
        null,
        null,
        null,
        1,
        1,
        1,
        null,
        1,
        null,
        1,
        null,
        null,
        null,
        1,
        1,
        1,
        null,
        1,
        null,
        null,
        null
      ],
      "C:/Users/maslah/Documents/Ruby/checkpoint-one-music-library/spec/003_genre_basics_spec.rb": [
        1,
        null,
        1,
        1,
        1,
        1,
        1,
        null,
        null,
        null,
        1,
        1,
        1,
        1,
        null,
        1,
        null,
        null,
        null,
        1,
        1,
        1,
        null,
        1,
        null,
        null,
        null,
        1,
        1,
        1,
        null,
        1,
        1,
        null,
        null,
        null,
        1,
        1,
        1,
        null,
        1,
        null,
        1,
        null,
        null,
        null,
        1,
        1,
        1,
        null,
        1,
        null,
        null,
        null
      ],
      "C:/Users/maslah/Documents/Ruby/checkpoint-one-music-library/spec/004_songs_and_artists_spec.rb": [
        1,
        null,
        1,
        1,
        1,
        1,
        null,
        1,
        null,
        null,
        1,
        1,
        1,
        null,
        1,
        1,
        null,
        null,
        null,
        1,
        1,
        1,
        1,
        1,
        1,
        null,
        1,
        null,
        null,
        null,
        null,
        1,
        1,
        1,
        1,
        null,
        1,
        null,
        null,
        null,
        null,
        1,
        1,
        1,
        1,
        1,
        1,
        null,
        1,
        null,
        1,
        1,
        1,
        1,
        null,
        1,
        null,
        1,
        1,
        1,
        null,
        1,
        null,
        1,
        null,
        1,
        null,
        null,
        1,
        1,
        1,
        null,
        1,
        1,
        null,
        1,
        1,
        null,
        null,
        null,
        1,
        1,
        1,
        1,
        null,
        1,
        null,
        1,
        null,
        null,
        null,
        null,
        1,
        1,
        1,
        1,
        null,
        1,
        1,
        null,
        null,
        null
      ],
      "C:/Users/maslah/Documents/Ruby/checkpoint-one-music-library/spec/005_songs_and_genres_spec.rb": [
        1,
        null,
        1,
        1,
        1,
        1,
        null,
        1,
        null,
        null,
        1,
        1,
        1,
        null,
        1,
        1,
        null,
        null,
        null,
        1,
        1,
        1,
        1,
        1,
        1,
        null,
        1,
        null,
        null,
        1,
        1,
        1,
        1,
        null,
        1,
        null,
        null,
        1,
        1,
        1,
        null,
        1,
        1,
        null,
        1,
        1,
        null,
        null,
        null,
        null,
        1,
        1,
        1,
        1,
        1,
        null,
        1,
        1,
        null,
        null,
        null
      ],
      "C:/Users/maslah/Documents/Ruby/checkpoint-one-music-library/spec/006_artists_and_genres_spec.rb": [
        1,
        null,
        1,
        1,
        1,
        1,
        1,
        1,
        1,
        null,
        1,
        1,
        null,
        null,
        1,
        1,
        1,
        1,
        null,
        1,
        1,
        1,
        null,
        1,
        1,
        null,
        null,
        1,
        1,
        1,
        1,
        null,
        1,
        null,
        1,
        1,
        null,
        1,
        1,
        null,
        null,
        null,
        null,
        1,
        1,
        1,
        1,
        null,
        1,
        1,
        null,
        1,
        1,
        1,
        null,
        1,
        1,
        null,
        null,
        1,
        1,
        null,
        1,
        1,
        null,
        1,
        1,
        null,
        1,
        1,
        null,
        1,
        null,
        1,
        null,
        null,
        null
      ],
      "C:/Users/maslah/Documents/Ruby/checkpoint-one-music-library/spec/007_findable_songs_spec.rb": [
        1,
        1,
        1,
        1,
        1,
        null,
        1,
        null,
        null,
        null,
        1,
        1,
        1,
        1,
        null,
        1,
        null,
        null,
        null
      ],
      "C:/Users/maslah/Documents/Ruby/checkpoint-one-music-library/spec/008_findable_module_spec.rb": [
        1,
        null,
        1,
        1,
        1,
        1,
        null,
        null,
        1,
        1,
        null,
        null,
        1,
        1,
        null,
        null,
        1,
        1,
        null,
        null
      ],
      "C:/Users/maslah/Documents/Ruby/checkpoint-one-music-library/spec/009_findable_artists_and_genres_spec.rb": [
        1,
        1,
        1,
        1,
        1,
        null,
        null,
        1,
        1,
        1,
        1,
        null,
        1,
        null,
        null,
        null,
        1,
        1,
        1,
        1,
        null,
        1,
        null,
        null,
        null,
        1,
        1,
        1,
        1,
        null,
        null,
        1,
        1,
        1,
        1,
        null,
        1,
        null,
        null,
        null,
        1,
        1,
        1,
        1,
        null,
        1,
        null,
        null,
        null,
        null
      ],
      "C:/Users/maslah/Documents/Ruby/checkpoint-one-music-library/spec/010_music_importer_spec.rb": [
        1,
        null,
        1,
        1,
        1,
        1,
        1,
        null,
        1,
        null,
        null,
        null,
        1,
        1,
        1,
        1,
        null,
        1,
        null,
        null,
        1,
        1,
        1,
        null,
        1,
        1,
        1,
        1,
        null,
        null,
        null,
        null,
        1,
        1,
        1,
        1,
        null,
        1,
        1,
        1,
        null,
        null,
        1,
        1,
        1,
        null,
        1,
        1,
        1,
        null,
        null,
        null,
        1,
        1,
        1,
        null,
        1,
        1,
        1,
        null,
        null,
        1,
        1,
        1,
        null,
        1,
        1,
        1,
        null,
        null,
        null,
        null,
        1,
        1,
        1,
        1,
        1,
        null,
        1,
        1,
        1,
        null,
        1,
        1,
        null,
        null
      ],
      "C:/Users/maslah/Documents/Ruby/checkpoint-one-music-library/spec/011_music_library_controller_spec.rb": [
        1,
        null,
        1,
        1,
        1,
        2,
        null,
        null,
        1,
        1,
        1,
        null,
        null,
        1,
        1,
        1,
        1,
        null,
        1,
        null,
        null,
        1,
        1,
        1,
        null,
        1,
        1,
        1,
        1,
        null,
        null,
        null,
        1,
        1,
        1,
        null,
        null,
        1,
        1,
        null,
        1,
        1,
        null,
        null,
        null
      ],
      "C:/Users/maslah/Documents/Ruby/checkpoint-one-music-library/spec/012_musiclibrary_cli_spec.rb": [
        1,
        null,
        1,
        1,
        null,
        1,
        1,
        null,
        2,
        null,
        1,
        1,
        1,
        1,
        null,
        null,
        1,
        1,
        null,
        1,
        1,
        null,
        2,
        null,
        1,
        1,
        1,
        null,
        null,
        1,
        1,
        null,
        1,
        1,
        null,
        2,
        null,
        1,
        1,
        1,
        1,
        null,
        null,
        1,
        1,
        null,
        1,
        1,
        null,
        2,
        null,
        1,
        null,
        null,
        1,
        1,
        null,
        1,
        1,
        null,
        2,
        null,
        1,
        1,
        null,
        null,
        1,
        1,
        null,
        1,
        1,
        null,
        2,
        null,
        1,
        null,
        null
      ]
    },
    "timestamp": 1471896730
  }
}
